/*C5*/SET SCHEMA PUBLIC
DELETE FROM BOOK WHERE ID=2151
DELETE FROM BOOK WHERE ID=2152
DELETE FROM BOOK WHERE ID=2153
DELETE FROM BOOK WHERE ID=2154
COMMIT
/*C7*/SET SCHEMA PUBLIC
DELETE FROM OPENJPA_SEQUENCE_TABLE WHERE ID=0
INSERT INTO OPENJPA_SEQUENCE_TABLE VALUES(0,2251)
COMMIT
/*C5*/INSERT INTO BOOK VALUES(2201,'Jean','Bon','4565')
INSERT INTO BOOK VALUES(2202,'Jean','Bonbon','5565')
INSERT INTO BOOK VALUES(2203,'Jean','Bonneau','45565')
INSERT INTO BOOK VALUES(2204,'Jean','Bonnechance','456545')
COMMIT
DELETE FROM BOOK WHERE ID=2201
DELETE FROM BOOK WHERE ID=2202
DELETE FROM BOOK WHERE ID=2203
DELETE FROM BOOK WHERE ID=2204
INSERT INTO BOOK VALUES(2205,'Jean','Bon','4565')
INSERT INTO BOOK VALUES(2206,'Jean','Bonbon','5565')
INSERT INTO BOOK VALUES(2207,'Jean','Bonneau','45565')
INSERT INTO BOOK VALUES(2208,'Jean','Bonnechance','456545')
COMMIT
DELETE FROM BOOK WHERE ID=2205
DELETE FROM BOOK WHERE ID=2206
DELETE FROM BOOK WHERE ID=2207
DELETE FROM BOOK WHERE ID=2208
INSERT INTO BOOK VALUES(2209,'Jean','Bon','4565')
INSERT INTO BOOK VALUES(2210,'Jean','Bonbon','5565')
INSERT INTO BOOK VALUES(2211,'Jean','Bonneau','45565')
INSERT INTO BOOK VALUES(2212,'Jean','Bonnechance','456545')
COMMIT
DELETE FROM BOOK WHERE ID=2209
DELETE FROM BOOK WHERE ID=2210
DELETE FROM BOOK WHERE ID=2211
DELETE FROM BOOK WHERE ID=2212
INSERT INTO BOOK VALUES(2213,'Jean','Bon','4565')
INSERT INTO BOOK VALUES(2214,'Jean','Bonbon','5565')
INSERT INTO BOOK VALUES(2215,'Jean','Bonneau','45565')
INSERT INTO BOOK VALUES(2216,'Jean','Bonnechance','456545')
COMMIT
DISCONNECT
/*C6*/SET SCHEMA PUBLIC
DISCONNECT
/*C7*/DISCONNECT
